<?xml version="1.0" encoding="UTF-8"?>
<!-- Generated by org.testng.reporters.JUnitXMLReporter -->
<testsuite hostname="TimeToDial5" ignored="0" name="Default test" tests="5" failures="0" timestamp="2021-09-16T19:17:15 IST" time="5.474" errors="0">
  <testcase name="test_getAllVideoGames" time="3.396" classname="testCases.TC_VideoGameAPI"/>
  <testcase name="test_addNewVideoGame" time="0.806" classname="testCases.TC_VideoGameAPI"/>
  <testcase name="test_GetOneVideoGame" time="1.011" classname="testCases.TC_VideoGameAPI"/>
  <testcase name="test_UpdateVideoGame" time="0.124" classname="testCases.TC_VideoGameAPI"/>
  <testcase name="test_DeletVideoGame" time="0.047" classname="testCases.TC_VideoGameAPI"/>
</testsuite> <!-- Default test -->
