<?xml version="1.0" encoding="UTF-8"?>
<!-- Generated by org.testng.reporters.JUnitXMLReporter -->
<testsuite hostname="TimeToDial5" ignored="0" name="Test" tests="5" failures="0" timestamp="2021-09-16T19:19:44 IST" time="4.323" errors="0">
  <testcase name="test_getAllVideoGames" time="2.611" classname="testCases.TC_VideoGameAPI"/>
  <testcase name="test_addNewVideoGame" time="0.516" classname="testCases.TC_VideoGameAPI"/>
  <testcase name="test_GetOneVideoGame" time="0.97" classname="testCases.TC_VideoGameAPI"/>
  <testcase name="test_UpdateVideoGame" time="0.104" classname="testCases.TC_VideoGameAPI"/>
  <testcase name="test_DeletVideoGame" time="0.034" classname="testCases.TC_VideoGameAPI"/>
</testsuite> <!-- Test -->
