<?xml version="1.0" encoding="UTF-8"?>
<testng-results skipped="0" failed="0" ignored="0" total="5" passed="5">
  <reporter-output>
  </reporter-output>
  <suite name="Suite" duration-ms="4323" started-at="2021-09-16T19:19:39 IST" finished-at="2021-09-16T19:19:44 IST">
    <groups>
    </groups>
    <test name="Test" duration-ms="4323" started-at="2021-09-16T19:19:39 IST" finished-at="2021-09-16T19:19:44 IST">
      <class name="testCases.TC_VideoGameAPI">
        <test-method status="PASS" signature="test_getAllVideoGames()[pri:1, instance:testCases.TC_VideoGameAPI@17d677df]" name="test_getAllVideoGames" duration-ms="2611" started-at="2021-09-16T19:19:39 IST" finished-at="2021-09-16T19:19:42 IST">
          <reporter-output>
          </reporter-output>
        </test-method> <!-- test_getAllVideoGames -->
        <test-method status="PASS" signature="test_addNewVideoGame()[pri:2, instance:testCases.TC_VideoGameAPI@17d677df]" name="test_addNewVideoGame" duration-ms="516" started-at="2021-09-16T19:19:42 IST" finished-at="2021-09-16T19:19:42 IST">
          <reporter-output>
          </reporter-output>
        </test-method> <!-- test_addNewVideoGame -->
        <test-method status="PASS" signature="test_GetOneVideoGame()[pri:3, instance:testCases.TC_VideoGameAPI@17d677df]" name="test_GetOneVideoGame" duration-ms="970" started-at="2021-09-16T19:19:42 IST" finished-at="2021-09-16T19:19:43 IST">
          <reporter-output>
          </reporter-output>
        </test-method> <!-- test_GetOneVideoGame -->
        <test-method status="PASS" signature="test_UpdateVideoGame()[pri:4, instance:testCases.TC_VideoGameAPI@17d677df]" name="test_UpdateVideoGame" duration-ms="104" started-at="2021-09-16T19:19:43 IST" finished-at="2021-09-16T19:19:43 IST">
          <reporter-output>
          </reporter-output>
        </test-method> <!-- test_UpdateVideoGame -->
        <test-method status="PASS" signature="test_DeletVideoGame()[pri:5, instance:testCases.TC_VideoGameAPI@17d677df]" name="test_DeletVideoGame" duration-ms="34" started-at="2021-09-16T19:19:43 IST" finished-at="2021-09-16T19:19:44 IST">
          <reporter-output>
          </reporter-output>
        </test-method> <!-- test_DeletVideoGame -->
      </class> <!-- testCases.TC_VideoGameAPI -->
    </test> <!-- Test -->
  </suite> <!-- Suite -->
</testng-results>
